<?xml version="1.0" encoding="UTF-8"?>
<testng-results ignored="0" total="2" passed="2" failed="0" skipped="0">
  <reporter-output>
  </reporter-output>
  <suite started-at="2021-07-24T00:22:41 CDT" name="Surefire suite" finished-at="2021-07-24T00:22:57 CDT" duration-ms="16118">
    <groups>
      <group name="cucumber">
        <method signature="AbstractTestNGCucumberTests.feature(cucumber.api.testng.CucumberFeatureWrapper)[pri:0, instance:com.bangladesh.TestRunner.TestRunner_BD@765d7657]" name="feature" class="cucumber.api.testng.AbstractTestNGCucumberTests"/>
      </group> <!-- cucumber -->
    </groups>
    <test started-at="2021-07-24T00:22:41 CDT" name="Surefire test" finished-at="2021-07-24T00:22:57 CDT" duration-ms="16118">
      <class name="com.bangladesh.TestRunner.TestRunner_BD">
        <test-method is-config="true" signature="LaunchApplicationURL()[pri:0, instance:com.bangladesh.TestRunner.TestRunner_BD@765d7657]" started-at="2021-07-24T00:22:41 CDT" name="LaunchApplicationURL" finished-at="2021-07-24T00:22:43 CDT" duration-ms="1971" status="PASS">
          <reporter-output>
          </reporter-output>
        </test-method> <!-- LaunchApplicationURL -->
        <test-method is-config="true" signature="setUpClass()[pri:0, instance:com.bangladesh.TestRunner.TestRunner_BD@765d7657]" started-at="2021-07-24T00:22:43 CDT" name="setUpClass" finished-at="2021-07-24T00:22:44 CDT" duration-ms="319" status="PASS">
          <reporter-output>
          </reporter-output>
        </test-method> <!-- setUpClass -->
        <test-method signature="feature(cucumber.api.testng.CucumberFeatureWrapper)[pri:0, instance:com.bangladesh.TestRunner.TestRunner_BD@765d7657]" started-at="2021-07-24T00:22:44 CDT" name="feature" description="Runs Cucumber Feature" data-provider="features" finished-at="2021-07-24T00:22:51 CDT" duration-ms="6890" status="PASS">
          <params>
            <param index="0">
              <value>
                <![CDATA[Home page]]>
              </value>
            </param>
          </params>
          <reporter-output>
          </reporter-output>
        </test-method> <!-- feature -->
        <test-method signature="feature(cucumber.api.testng.CucumberFeatureWrapper)[pri:0, instance:com.bangladesh.TestRunner.TestRunner_BD@765d7657]" started-at="2021-07-24T00:22:51 CDT" name="feature" description="Runs Cucumber Feature" data-provider="features" finished-at="2021-07-24T00:22:57 CDT" duration-ms="5961" status="PASS">
          <params>
            <param index="0">
              <value>
                <![CDATA[Login]]>
              </value>
            </param>
          </params>
          <reporter-output>
          </reporter-output>
        </test-method> <!-- feature -->
        <test-method is-config="true" signature="tearDownClass()[pri:0, instance:com.bangladesh.TestRunner.TestRunner_BD@765d7657]" started-at="2021-07-24T00:22:57 CDT" name="tearDownClass" finished-at="2021-07-24T00:22:57 CDT" duration-ms="15" status="PASS">
          <reporter-output>
          </reporter-output>
        </test-method> <!-- tearDownClass -->
        <test-method is-config="true" signature="CloseApplicationURL()[pri:0, instance:com.bangladesh.TestRunner.TestRunner_BD@765d7657]" started-at="2021-07-24T00:22:57 CDT" name="CloseApplicationURL" finished-at="2021-07-24T00:22:57 CDT" duration-ms="764" status="PASS">
          <reporter-output>
          </reporter-output>
        </test-method> <!-- CloseApplicationURL -->
      </class> <!-- com.bangladesh.TestRunner.TestRunner_BD -->
    </test> <!-- Surefire test -->
  </suite> <!-- Surefire suite -->
</testng-results>
