<?xml version="1.0" encoding="UTF-8"?>
<testng-results ignored="0" total="2" passed="2" failed="0" skipped="0">
  <reporter-output>
  </reporter-output>
  <suite started-at="2021-07-24T19:40:28 CDT" name="Default suite" finished-at="2021-07-24T19:40:44 CDT" duration-ms="15974">
    <groups>
      <group name="cucumber">
        <method signature="AbstractTestNGCucumberTests.feature(cucumber.api.testng.CucumberFeatureWrapper)[pri:0, instance:com.bangladesh.TestRunner.TestRunner_BD@3a6bb9bf]" name="feature" class="cucumber.api.testng.AbstractTestNGCucumberTests"/>
      </group> <!-- cucumber -->
    </groups>
    <test started-at="2021-07-24T19:40:28 CDT" name="Default test" finished-at="2021-07-24T19:40:44 CDT" duration-ms="15974">
      <class name="com.bangladesh.TestRunner.TestRunner_BD">
        <test-method is-config="true" signature="LaunchApplicationURL()[pri:0, instance:com.bangladesh.TestRunner.TestRunner_BD@3a6bb9bf]" started-at="2021-07-24T19:40:28 CDT" name="LaunchApplicationURL" finished-at="2021-07-24T19:40:30 CDT" duration-ms="1899" status="PASS">
          <reporter-output>
          </reporter-output>
        </test-method> <!-- LaunchApplicationURL -->
        <test-method is-config="true" signature="setUpClass()[pri:0, instance:com.bangladesh.TestRunner.TestRunner_BD@3a6bb9bf]" started-at="2021-07-24T19:40:30 CDT" name="setUpClass" finished-at="2021-07-24T19:40:30 CDT" duration-ms="173" status="PASS">
          <reporter-output>
          </reporter-output>
        </test-method> <!-- setUpClass -->
        <test-method signature="feature(cucumber.api.testng.CucumberFeatureWrapper)[pri:0, instance:com.bangladesh.TestRunner.TestRunner_BD@3a6bb9bf]" started-at="2021-07-24T19:40:30 CDT" name="feature" description="Runs Cucumber Feature" data-provider="features" finished-at="2021-07-24T19:40:37 CDT" duration-ms="7247" status="PASS">
          <params>
            <param index="0">
              <value>
                <![CDATA[Home page]]>
              </value>
            </param>
          </params>
          <reporter-output>
          </reporter-output>
        </test-method> <!-- feature -->
        <test-method signature="feature(cucumber.api.testng.CucumberFeatureWrapper)[pri:0, instance:com.bangladesh.TestRunner.TestRunner_BD@3a6bb9bf]" started-at="2021-07-24T19:40:37 CDT" name="feature" description="Runs Cucumber Feature" data-provider="features" finished-at="2021-07-24T19:40:43 CDT" duration-ms="5712" status="PASS">
          <params>
            <param index="0">
              <value>
                <![CDATA[Login]]>
              </value>
            </param>
          </params>
          <reporter-output>
          </reporter-output>
        </test-method> <!-- feature -->
        <test-method is-config="true" signature="tearDownClass()[pri:0, instance:com.bangladesh.TestRunner.TestRunner_BD@3a6bb9bf]" started-at="2021-07-24T19:40:43 CDT" name="tearDownClass" finished-at="2021-07-24T19:40:43 CDT" duration-ms="10" status="PASS">
          <reporter-output>
          </reporter-output>
        </test-method> <!-- tearDownClass -->
        <test-method is-config="true" signature="CloseApplicationURL()[pri:0, instance:com.bangladesh.TestRunner.TestRunner_BD@3a6bb9bf]" started-at="2021-07-24T19:40:43 CDT" name="CloseApplicationURL" finished-at="2021-07-24T19:40:44 CDT" duration-ms="714" status="PASS">
          <reporter-output>
          </reporter-output>
        </test-method> <!-- CloseApplicationURL -->
      </class> <!-- com.bangladesh.TestRunner.TestRunner_BD -->
    </test> <!-- Default test -->
  </suite> <!-- Default suite -->
</testng-results>
